<?xml version="1.0" encoding="UTF-8"?>
<!-- Generated by org.testng.reporters.JUnitReportReporter -->
<testsuite hostname="MSI" failures="0" tests="3" name="TestClasses.LoginPageTest" time="16.154" errors="0" timestamp="2022-12-02T16:01:13 IST" skipped="0">
  <testcase classname="TestClasses.LoginPageTest" name="validateLoginPageTitleTest" time="3.290"/>
  <system-out/>
  <testcase classname="TestClasses.LoginPageTest" name="validateLogoTest" time="4.724"/>
  <system-out/>
  <testcase classname="TestClasses.LoginPageTest" name="loginToSwagLabsTest" time="8.140"/>
  <system-out/>
</testsuite> <!-- TestClasses.LoginPageTest -->
