<?xml version="1.0" encoding="UTF-8"?>
<!-- Generated by org.testng.reporters.JUnitReportReporter -->
<testsuite hostname="MSI" failures="0" tests="3" name="TestComponents.LoginPageTest" time="22.424" errors="0" timestamp="2022-12-02T22:14:02 IST" skipped="0">
  <testcase classname="TestComponents.LoginPageTest" name="validateLogoTest" time="10.682"/>
  <system-out/>
  <testcase classname="TestComponents.LoginPageTest" name="loginToSwagLabsTest" time="8.251"/>
  <system-out/>
  <testcase classname="TestComponents.LoginPageTest" name="validateLoginPageTitleTest" time="3.491"/>
  <system-out/>
</testsuite> <!-- TestComponents.LoginPageTest -->
