<?xml version="1.0" encoding="UTF-8"?>
<!-- Generated by org.testng.reporters.JUnitReportReporter -->
<testsuite hostname="MSI" failures="0" tests="3" name="TestComponents.LoginPageTest" time="27.676" errors="0" timestamp="2022-12-04T15:52:00 IST" skipped="0">
  <testcase classname="TestComponents.LoginPageTest" name="validateLogoTest" time="3.951"/>
  <system-out/>
  <testcase classname="TestComponents.LoginPageTest" name="loginToSwagLabsTest" time="20.126"/>
  <system-out/>
  <testcase classname="TestComponents.LoginPageTest" name="validateLoginPageTitleTest" time="3.599"/>
  <system-out/>
</testsuite> <!-- TestComponents.LoginPageTest -->
