<?xml version="1.0" encoding="UTF-8"?>
<!-- Generated by org.testng.reporters.JUnitReportReporter -->
<testsuite hostname="MSI" failures="0" tests="1" name="TestClasses.ExtentReport" time="6.550" errors="0" timestamp="2022-12-02T16:01:13 IST" skipped="0">
  <testcase classname="TestClasses.ExtentReport" name="initial" time="6.550"/>
  <system-out/>
</testsuite> <!-- TestClasses.ExtentReport -->
